<?xml version="1.0" encoding="UTF-8"?>
<testsuite name="com.bustracker.repository.StationRepositoryTest" tests="1" skipped="0" failures="0" errors="0" timestamp="2022-05-25T07:19:27" hostname="HHui-MacBookPro-2.local" time="0.282">
  <properties/>
  <testcase name="findAll()" classname="com.bustracker.repository.StationRepositoryTest" time="0.282"/>
  <system-out><![CDATA[16:19:25.859 [Test worker] DEBUG org.springframework.test.context.BootstrapUtils - Instantiating CacheAwareContextLoaderDelegate from class [org.springframework.test.context.cache.DefaultCacheAwareContextLoaderDelegate]
16:19:25.865 [Test worker] DEBUG org.springframework.test.context.BootstrapUtils - Instantiating BootstrapContext using constructor [public org.springframework.test.context.support.DefaultBootstrapContext(java.lang.Class,org.springframework.test.context.CacheAwareContextLoaderDelegate)]
16:19:25.881 [Test worker] DEBUG org.springframework.test.context.BootstrapUtils - Instantiating TestContextBootstrapper for test class [com.bustracker.repository.StationRepositoryTest] from class [org.springframework.boot.test.context.SpringBootTestContextBootstrapper]
16:19:25.889 [Test worker] INFO org.springframework.boot.test.context.SpringBootTestContextBootstrapper - Neither @ContextConfiguration nor @ContextHierarchy found for test class [com.bustracker.repository.StationRepositoryTest], using SpringBootContextLoader
16:19:25.891 [Test worker] DEBUG org.springframework.test.context.support.AbstractContextLoader - Did not detect default resource location for test class [com.bustracker.repository.StationRepositoryTest]: class path resource [com/bustracker/repository/StationRepositoryTest-context.xml] does not exist
16:19:25.891 [Test worker] DEBUG org.springframework.test.context.support.AbstractContextLoader - Did not detect default resource location for test class [com.bustracker.repository.StationRepositoryTest]: class path resource [com/bustracker/repository/StationRepositoryTestContext.groovy] does not exist
16:19:25.891 [Test worker] INFO org.springframework.test.context.support.AbstractContextLoader - Could not detect default resource locations for test class [com.bustracker.repository.StationRepositoryTest]: no resource found for suffixes {-context.xml, Context.groovy}.
16:19:25.892 [Test worker] INFO org.springframework.test.context.support.AnnotationConfigContextLoaderUtils - Could not detect default configuration classes for test class [com.bustracker.repository.StationRepositoryTest]: StationRepositoryTest does not declare any static, non-private, non-final, nested classes annotated with @Configuration.
16:19:25.913 [Test worker] DEBUG org.springframework.test.context.support.ActiveProfilesUtils - Could not find an 'annotation declaring class' for annotation type [org.springframework.test.context.ActiveProfiles] and class [com.bustracker.repository.StationRepositoryTest]
16:19:25.954 [Test worker] DEBUG org.springframework.context.annotation.ClassPathScanningCandidateComponentProvider - Identified candidate component class: file [/Users/user/juhwan/intellij/study/BusLocationTracker/build/classes/java/main/com/bustracker/BusTrackerApplication.class]
16:19:25.954 [Test worker] INFO org.springframework.boot.test.context.SpringBootTestContextBootstrapper - Found @SpringBootConfiguration com.bustracker.BusTrackerApplication for test class com.bustracker.repository.StationRepositoryTest
16:19:25.999 [Test worker] DEBUG org.springframework.boot.test.context.SpringBootTestContextBootstrapper - @TestExecutionListeners is not present for class [com.bustracker.repository.StationRepositoryTest]: using defaults.
16:19:25.999 [Test worker] INFO org.springframework.boot.test.context.SpringBootTestContextBootstrapper - Loaded default TestExecutionListener class names from location [META-INF/spring.factories]: [org.springframework.boot.test.autoconfigure.restdocs.RestDocsTestExecutionListener, org.springframework.boot.test.autoconfigure.web.client.MockRestServiceServerResetTestExecutionListener, org.springframework.boot.test.autoconfigure.web.servlet.MockMvcPrintOnlyOnFailureTestExecutionListener, org.springframework.boot.test.autoconfigure.web.servlet.WebDriverTestExecutionListener, org.springframework.boot.test.autoconfigure.webservices.client.MockWebServiceServerTestExecutionListener, org.springframework.boot.test.mock.mockito.MockitoTestExecutionListener, org.springframework.boot.test.mock.mockito.ResetMocksTestExecutionListener, org.springframework.test.context.web.ServletTestExecutionListener, org.springframework.test.context.support.DirtiesContextBeforeModesTestExecutionListener, org.springframework.test.context.event.ApplicationEventsTestExecutionListener, org.springframework.test.context.support.DependencyInjectionTestExecutionListener, org.springframework.test.context.support.DirtiesContextTestExecutionListener, org.springframework.test.context.transaction.TransactionalTestExecutionListener, org.springframework.test.context.jdbc.SqlScriptsTestExecutionListener, org.springframework.test.context.event.EventPublishingTestExecutionListener]
16:19:26.008 [Test worker] INFO org.springframework.boot.test.context.SpringBootTestContextBootstrapper - Using TestExecutionListeners: [org.springframework.test.context.web.ServletTestExecutionListener@5443d039, org.springframework.test.context.support.DirtiesContextBeforeModesTestExecutionListener@63787180, org.springframework.test.context.event.ApplicationEventsTestExecutionListener@7d1cfb8b, org.springframework.boot.test.mock.mockito.MockitoTestExecutionListener@48e92c5c, org.springframework.boot.test.autoconfigure.SpringBootDependencyInjectionTestExecutionListener@2e1ef60, org.springframework.test.context.support.DirtiesContextTestExecutionListener@22356acd, org.springframework.test.context.transaction.TransactionalTestExecutionListener@386f0da3, org.springframework.test.context.jdbc.SqlScriptsTestExecutionListener@39655d3e, org.springframework.test.context.event.EventPublishingTestExecutionListener@34f22f9d, org.springframework.boot.test.autoconfigure.restdocs.RestDocsTestExecutionListener@3d1848cc, org.springframework.boot.test.autoconfigure.web.client.MockRestServiceServerResetTestExecutionListener@7dda48d9, org.springframework.boot.test.autoconfigure.web.servlet.MockMvcPrintOnlyOnFailureTestExecutionListener@6e4566f1, org.springframework.boot.test.autoconfigure.web.servlet.WebDriverTestExecutionListener@4b6e2263, org.springframework.boot.test.autoconfigure.webservices.client.MockWebServiceServerTestExecutionListener@344f4dea, org.springframework.boot.test.mock.mockito.ResetMocksTestExecutionListener@1b7c473a]
16:19:26.010 [Test worker] DEBUG org.springframework.test.context.support.AbstractDirtiesContextTestExecutionListener - Before test class: context [DefaultTestContext@3a5ecce3 testClass = StationRepositoryTest, testInstance = [null], testMethod = [null], testException = [null], mergedContextConfiguration = [WebMergedContextConfiguration@561868a0 testClass = StationRepositoryTest, locations = '{}', classes = '{class com.bustracker.BusTrackerApplication}', contextInitializerClasses = '[]', activeProfiles = '{}', propertySourceLocations = '{}', propertySourceProperties = '{org.springframework.boot.test.context.SpringBootTestContextBootstrapper=true}', contextCustomizers = set[org.springframework.boot.test.autoconfigure.actuate.metrics.MetricsExportContextCustomizerFactory$DisableMetricExportContextCustomizer@6f204a1a, org.springframework.boot.test.autoconfigure.properties.PropertyMappingContextCustomizer@0, org.springframework.boot.test.autoconfigure.web.servlet.WebDriverContextCustomizerFactory$Customizer@d554c5f, org.springframework.boot.test.context.filter.ExcludeFilterContextCustomizer@6e2829c7, org.springframework.boot.test.json.DuplicateJsonObjectContextCustomizerFactory$DuplicateJsonObjectContextCustomizer@55de24cc, org.springframework.boot.test.mock.mockito.MockitoContextCustomizer@0, org.springframework.boot.test.web.client.TestRestTemplateContextCustomizer@210ab13f, org.springframework.boot.test.context.SpringBootTestArgs@1, org.springframework.boot.test.context.SpringBootTestWebEnvironment@7880cdf3], resourceBasePath = 'src/main/webapp', contextLoader = 'org.springframework.boot.test.context.SpringBootContextLoader', parent = [null]], attributes = map['org.springframework.test.context.web.ServletTestExecutionListener.activateListener' -> true]], class annotated with @DirtiesContext [false] with mode [null].

  .   ____          _            __ _ _
 /\\ / ___'_ __ _ _(_)_ __  __ _ \ \ \ \
( ( )\___ | '_ | '_| | '_ \/ _` | \ \ \ \
 \\/  ___)| |_)| | | | | || (_| |  ) ) ) )
  '  |____| .__|_| |_|_| |_\__, | / / / /
 =========|_|==============|___/=/_/_/_/
 :: Spring Boot ::                (v2.7.0)

2022-05-25 16:19:26.186  INFO 8143 --- [    Test worker] c.b.repository.StationRepositoryTest     : Starting StationRepositoryTest using Java 1.8.0_322 on HHui-MacBookPro-2.local with PID 8143 (started by user in /Users/user/juhwan/intellij/study/BusLocationTracker)
2022-05-25 16:19:26.187  INFO 8143 --- [    Test worker] c.b.repository.StationRepositoryTest     : The following 1 profile is active: "local"
2022-05-25 16:19:26.210  WARN 8143 --- [    Test worker] o.s.b.c.config.ConfigDataEnvironment     : Property 'spring.profiles' imported from location 'class path resource [application.yml]' is invalid and should be replaced with 'spring.config.activate.on-profile' [origin: class path resource [application.yml] - 2:13]
2022-05-25 16:19:26.515  INFO 8143 --- [    Test worker] .s.d.r.c.RepositoryConfigurationDelegate : Bootstrapping Spring Data MongoDB repositories in DEFAULT mode.
2022-05-25 16:19:26.548  INFO 8143 --- [    Test worker] .s.d.r.c.RepositoryConfigurationDelegate : Finished Spring Data repository scanning in 29 ms. Found 5 MongoDB repository interfaces.
2022-05-25 16:19:26.801  INFO 8143 --- [    Test worker] org.mongodb.driver.client                : MongoClient with metadata {"driver": {"name": "mongo-java-driver|sync|spring-boot", "version": "4.6.0"}, "os": {"type": "Darwin", "name": "Mac OS X", "architecture": "aarch64", "version": "12.3.1"}, "platform": "Java/Azul Systems, Inc./1.8.0_322-b06"} created with settings MongoClientSettings{readPreference=primary, writeConcern=WriteConcern{w=null, wTimeout=null ms, journal=null}, retryWrites=true, retryReads=true, readConcern=ReadConcern{level=null}, credential=MongoCredential{mechanism=null, userName='mongo', source='admin', password=<hidden>, mechanismProperties=<hidden>}, streamFactoryFactory=null, commandListeners=[], codecRegistry=ProvidersCodecRegistry{codecProviders=[ValueCodecProvider{}, BsonValueCodecProvider{}, DBRefCodecProvider{}, DBObjectCodecProvider{}, DocumentCodecProvider{}, IterableCodecProvider{}, MapCodecProvider{}, GeoJsonCodecProvider{}, GridFSFileCodecProvider{}, Jsr310CodecProvider{}, JsonObjectCodecProvider{}, BsonCodecProvider{}, EnumCodecProvider{}, com.mongodb.Jep395RecordCodecProvider@76563d26]}, clusterSettings={hosts=[localhost:9017], srvServiceName=mongodb, mode=SINGLE, requiredClusterType=UNKNOWN, requiredReplicaSetName='null', serverSelector='null', clusterListeners='[]', serverSelectionTimeout='30000 ms', localThreshold='30000 ms'}, socketSettings=SocketSettings{connectTimeoutMS=10000, readTimeoutMS=0, receiveBufferSize=0, sendBufferSize=0}, heartbeatSocketSettings=SocketSettings{connectTimeoutMS=10000, readTimeoutMS=10000, receiveBufferSize=0, sendBufferSize=0}, connectionPoolSettings=ConnectionPoolSettings{maxSize=100, minSize=0, maxWaitTimeMS=120000, maxConnectionLifeTimeMS=0, maxConnectionIdleTimeMS=0, maintenanceInitialDelayMS=0, maintenanceFrequencyMS=60000, connectionPoolListeners=[], maxConnecting=2}, serverSettings=ServerSettings{heartbeatFrequencyMS=10000, minHeartbeatFrequencyMS=500, serverListeners='[]', serverMonitorListeners='[]'}, sslSettings=SslSettings{enabled=false, invalidHostNameAllowed=false, context=null}, applicationName='null', compressorList=[], uuidRepresentation=JAVA_LEGACY, serverApi=null, autoEncryptionSettings=null, contextProvider=null}
2022-05-25 16:19:26.813  INFO 8143 --- [-localhost:9017] org.mongodb.driver.connection            : Opened connection [connectionId{localValue:1, serverValue:4}] to localhost:9017
2022-05-25 16:19:26.813  INFO 8143 --- [-localhost:9017] org.mongodb.driver.connection            : Opened connection [connectionId{localValue:2, serverValue:5}] to localhost:9017
2022-05-25 16:19:26.813  INFO 8143 --- [-localhost:9017] org.mongodb.driver.cluster               : Monitor thread successfully connected to server with description ServerDescription{address=localhost:9017, type=STANDALONE, state=CONNECTED, ok=true, minWireVersion=0, maxWireVersion=13, maxDocumentSize=16777216, logicalSessionTimeoutMinutes=30, roundTripTimeNanos=12076959}
2022-05-25 16:19:27.359  INFO 8143 --- [    Test worker] c.b.repository.StationRepositoryTest     : Started StationRepositoryTest in 1.328 seconds (JVM running for 1.884)
2022-05-25 16:19:27.615  INFO 8143 --- [    Test worker] org.mongodb.driver.connection            : Opened connection [connectionId{localValue:3, serverValue:6}] to localhost:9017
2022-05-25 16:19:27.649  INFO 8143 --- [    Test worker] c.b.repository.StationRepositoryTest     : stations: [Station(id=62873865075451308c68180c, stationName=서희아파트, lat=37.660935, lon=127.32249), Station(id=62873865075451308c68180d, stationName=마석역 1번 출구, lat=37.652059, lon=127.311561), Station(id=62873865075451308c68180e, stationName=마석역 2번출구, lat=37.652995, lon=127.311207), Station(id=62873865075451308c68180f, stationName=심석중고등, lat=37.656376, lon=127.305985), Station(id=62873865075451308c681810, stationName=송라초중, lat=37.655009, lon=127.302257), Station(id=62873865075451308c681811, stationName=화도읍사무소, lat=37.657519, lon=127.301633), Station(id=62873865075451308c681812, stationName=마석초중, lat=37.648726, lon=127.305006), Station(id=62873865075451308c681813, stationName=마석고, lat=37.644891, lon=127.300135)]
]]></system-out>
  <system-err><![CDATA[]]></system-err>
</testsuite>
